<?xml version="1.0" encoding="UTF-8"?>
<testsuite name="FreqTest" tests="1" skipped="0" failures="0" errors="0" timestamp="2018-09-07T08:24:37" hostname="janek-VirtualBox" time="0.049">
  <properties/>
  <testcase name="testFreq" classname="FreqTest" time="0.049"/>
  <system-out><![CDATA[]]></system-out>
  <system-err><![CDATA[]]></system-err>
</testsuite>
